<?xml version="1.0" encoding="UTF-8"?>
<testsuite name="HelloWorldTest" tests="3" skipped="0" failures="0" errors="0" timestamp="2016-01-04T16:50:21" hostname="Jwan622.local" time="0.003">
  <properties/>
  <testcase name="helloNoName" classname="HelloWorldTest" time="0.001"/>
  <testcase name="helloAnotherSampleName" classname="HelloWorldTest" time="0.0"/>
  <testcase name="helloSampleName" classname="HelloWorldTest" time="0.001"/>
  <system-out><![CDATA[Hello, Alice!
]]></system-out>
  <system-err><![CDATA[]]></system-err>
</testsuite>
