<?xml version="1.0" encoding="UTF-8"?>
<testsuite name="EtlTest" tests="4" skipped="0" failures="0" errors="0" timestamp="2016-01-06T02:03:42" hostname="Jwan622.local" time="0.087">
  <properties/>
  <testcase name="testTransformOneValue" classname="EtlTest" time="0.077"/>
  <testcase name="testTransformMoreValues" classname="EtlTest" time="0.003"/>
  <testcase name="testMoreKeys" classname="EtlTest" time="0.004"/>
  <testcase name="testFullDataset" classname="EtlTest" time="0.002"/>
  <system-out><![CDATA[]]></system-out>
  <system-err><![CDATA[]]></system-err>
</testsuite>
